# JRE version: Java(TM) SE Runtime Environment (8.0_371) (build 1.8.0_371-b11)
# Java VM: Java HotSpot(TM) 64-Bit Server VM (25.371-b11 mixed mode windows-amd64 compressed oops)
Heap:
 PSYoungGen      total 68096K, used 24720K [0x0000000715c00000, 0x000000071a080000, 0x00000007c0000000)
  eden space 67584K, 36% used [0x0000000715c00000,0x000000071741c108,0x0000000719e00000)
  from space 512K, 6% used [0x000000071a000000,0x000000071a008000,0x000000071a080000)
  to   space 1024K, 0% used [0x0000000719e80000,0x0000000719e80000,0x0000000719f80000)
 ParOldGen       total 443904K, used 58612K [0x00000005c1400000, 0x00000005dc580000, 0x0000000715c00000)
  object space 443904K, 13% used [0x00000005c1400000,0x00000005c4d3d170,0x00000005dc580000)
 Metaspace       used 60034K, capacity 62740K, committed 63016K, reserved 1103872K
  class space    used 7417K, capacity 7867K, committed 7984K, reserved 1048576K
GC Heap History (10 events):
Event: 81562.468 GC heap before
{Heap before GC invocations=479 (full 3):
 PSYoungGen      total 68096K, used 67968K [0x0000000715c00000, 0x000000071a080000, 0x00000007c0000000)
  eden space 67584K, 100% used [0x0000000715c00000,0x0000000719e00000,0x0000000719e00000)
  from space 512K, 75% used [0x0000000719f80000,0x0000000719fe0000,0x000000071a000000)
  to   space 512K, 0% used [0x000000071a000000,0x000000071a000000,0x000000071a080000)
 ParOldGen       total 443904K, used 58612K [0x00000005c1400000, 0x00000005dc580000, 0x0000000715c00000)
  object space 443904K, 13% used [0x00000005c1400000,0x00000005c4d3d170,0x00000005dc580000)
 Metaspace       used 60034K, capacity 62740K, committed 63016K, reserved 1103872K
  class space    used 7417K, capacity 7867K, committed 7984K, reserved 1048576K
Event: 81562.470 GC heap after
Heap after GC invocations=479 (full 3):
 PSYoungGen      total 68096K, used 224K [0x0000000715c00000, 0x000000071a080000, 0x00000007c0000000)
  eden space 67584K, 0% used [0x0000000715c00000,0x0000000715c00000,0x0000000719e00000)
  from space 512K, 43% used [0x000000071a000000,0x000000071a038000,0x000000071a080000)
  to   space 512K, 0% used [0x0000000719f80000,0x0000000719f80000,0x000000071a000000)
 ParOldGen       total 443904K, used 58612K [0x00000005c1400000, 0x00000005dc580000, 0x0000000715c00000)
  object space 443904K, 13% used [0x00000005c1400000,0x00000005c4d3d170,0x00000005dc580000)
 Metaspace       used 60034K, capacity 62740K, committed 63016K, reserved 1103872K
  class space    used 7417K, capacity 7867K, committed 7984K, reserved 1048576K
}
Event: 81625.543 GC heap before
{Heap before GC invocations=480 (full 3):
 PSYoungGen      total 68096K, used 67808K [0x0000000715c00000, 0x000000071a080000, 0x00000007c0000000)
  eden space 67584K, 100% used [0x0000000715c00000,0x0000000719e00000,0x0000000719e00000)
  from space 512K, 43% used [0x000000071a000000,0x000000071a038000,0x000000071a080000)
  to   space 512K, 0% used [0x0000000719f80000,0x0000000719f80000,0x000000071a000000)
 ParOldGen       total 443904K, used 58612K [0x00000005c1400000, 0x00000005dc580000, 0x0000000715c00000)
  object space 443904K, 13% used [0x00000005c1400000,0x00000005c4d3d170,0x00000005dc580000)
 Metaspace       used 60034K, capacity 62740K, committed 63016K, reserved 1103872K
  class space    used 7417K, capacity 7867K, committed 7984K, reserved 1048576K
Event: 81625.545 GC heap after
Heap after GC invocations=480 (full 3):
 PSYoungGen      total 68096K, used 288K [0x0000000715c00000, 0x000000071a080000, 0x00000007c0000000)
  eden space 67584K, 0% used [0x0000000715c00000,0x0000000715c00000,0x0000000719e00000)
  from space 512K, 56% used [0x0000000719f80000,0x0000000719fc8000,0x000000071a000000)
  to   space 512K, 0% used [0x000000071a000000,0x000000071a000000,0x000000071a080000)
 ParOldGen       total 443904K, used 58612K [0x00000005c1400000, 0x00000005dc580000, 0x0000000715c00000)
  object space 443904K, 13% used [0x00000005c1400000,0x00000005c4d3d170,0x00000005dc580000)
 Metaspace       used 60034K, capacity 62740K, committed 63016K, reserved 1103872K
  class space    used 7417K, capacity 7867K, committed 7984K, reserved 1048576K
}
Event: 81688.532 GC heap before
{Heap before GC invocations=481 (full 3):
 PSYoungGen      total 68096K, used 67872K [0x0000000715c00000, 0x000000071a080000, 0x00000007c0000000)
  eden space 67584K, 100% used [0x0000000715c00000,0x0000000719e00000,0x0000000719e00000)
  from space 512K, 56% used [0x0000000719f80000,0x0000000719fc8000,0x000000071a000000)
  to   space 512K, 0% used [0x000000071a000000,0x000000071a000000,0x000000071a080000)
 ParOldGen       total 443904K, used 58612K [0x00000005c1400000, 0x00000005dc580000, 0x0000000715c00000)
  object space 443904K, 13% used [0x00000005c1400000,0x00000005c4d3d170,0x00000005dc580000)
 Metaspace       used 60034K, capacity 62740K, committed 63016K, reserved 1103872K
  class space    used 7417K, capacity 7867K, committed 7984K, reserved 1048576K
Event: 81688.534 GC heap after
Heap after GC invocations=481 (full 3):
 PSYoungGen      total 68096K, used 288K [0x0000000715c00000, 0x000000071a080000, 0x00000007c0000000)
  eden space 67584K, 0% used [0x0000000715c00000,0x0000000715c00000,0x0000000719e00000)
  from space 512K, 56% used [0x000000071a000000,0x000000071a048000,0x000000071a080000)
  to   space 512K, 0% used [0x0000000719f80000,0x0000000719f80000,0x000000071a000000)
 ParOldGen       total 443904K, used 58612K [0x00000005c1400000, 0x00000005dc580000, 0x0000000715c00000)
  object space 443904K, 13% used [0x00000005c1400000,0x00000005c4d3d170,0x00000005dc580000)
 Metaspace       used 60034K, capacity 62740K, committed 63016K, reserved 1103872K
  class space    used 7417K, capacity 7867K, committed 7984K, reserved 1048576K
}
Event: 81751.446 GC heap before
{Heap before GC invocations=482 (full 3):
 PSYoungGen      total 68096K, used 67872K [0x0000000715c00000, 0x000000071a080000, 0x00000007c0000000)
  eden space 67584K, 100% used [0x0000000715c00000,0x0000000719e00000,0x0000000719e00000)
  from space 512K, 56% used [0x000000071a000000,0x000000071a048000,0x000000071a080000)
  to   space 512K, 0% used [0x0000000719f80000,0x0000000719f80000,0x000000071a000000)
 ParOldGen       total 443904K, used 58612K [0x00000005c1400000, 0x00000005dc580000, 0x0000000715c00000)
  object space 443904K, 13% used [0x00000005c1400000,0x00000005c4d3d170,0x00000005dc580000)
 Metaspace       used 60034K, capacity 62740K, committed 63016K, reserved 1103872K
  class space    used 7417K, capacity 7867K, committed 7984K, reserved 1048576K
Event: 81751.448 GC heap after
Heap after GC invocations=482 (full 3):
 PSYoungGen      total 68096K, used 416K [0x0000000715c00000, 0x000000071a080000, 0x00000007c0000000)
  eden space 67584K, 0% used [0x0000000715c00000,0x0000000715c00000,0x0000000719e00000)
  from space 512K, 81% used [0x0000000719f80000,0x0000000719fe8000,0x000000071a000000)
  to   space 512K, 0% used [0x000000071a000000,0x000000071a000000,0x000000071a080000)
 ParOldGen       total 443904K, used 58612K [0x00000005c1400000, 0x00000005dc580000, 0x0000000715c00000)
  object space 443904K, 13% used [0x00000005c1400000,0x00000005c4d3d170,0x00000005dc580000)
 Metaspace       used 60034K, capacity 62740K, committed 63016K, reserved 1103872K
  class space    used 7417K, capacity 7867K, committed 7984K, reserved 1048576K
}
Event: 81813.768 GC heap before
{Heap before GC invocations=483 (full 3):
 PSYoungGen      total 68096K, used 68000K [0x0000000715c00000, 0x000000071a080000, 0x00000007c0000000)
  eden space 67584K, 100% used [0x0000000715c00000,0x0000000719e00000,0x0000000719e00000)
  from space 512K, 81% used [0x0000000719f80000,0x0000000719fe8000,0x000000071a000000)
  to   space 512K, 0% used [0x000000071a000000,0x000000071a000000,0x000000071a080000)
 ParOldGen       total 443904K, used 58612K [0x00000005c1400000, 0x00000005dc580000, 0x0000000715c00000)
  object space 443904K, 13% used [0x00000005c1400000,0x00000005c4d3d170,0x00000005dc580000)
 Metaspace       used 60034K, capacity 62740K, committed 63016K, reserved 1103872K
  class space    used 7417K, capacity 7867K, committed 7984K, reserved 1048576K
Event: 81813.770 GC heap after
Heap after GC invocations=483 (full 3):
 PSYoungGen      total 68096K, used 32K [0x0000000715c00000, 0x000000071a080000, 0x00000007c0000000)
  eden space 67584K, 0% used [0x0000000715c00000,0x0000000715c00000,0x0000000719e00000)
  from space 512K, 6% used [0x000000071a000000,0x000000071a008000,0x000000071a080000)
  to   space 1024K, 0% used [0x0000000719e80000,0x0000000719e80000,0x0000000719f80000)
 ParOldGen       total 443904K, used 58612K [0x00000005c1400000, 0x00000005dc580000, 0x0000000715c00000)
  object space 443904K, 13% used [0x00000005c1400000,0x00000005c4d3d170,0x00000005dc580000)
 Metaspace       used 60034K, capacity 62740K, committed 63016K, reserved 1103872K
  class space    used 7417K, capacity 7867K, committed 7984K, reserved 1048576K
}

